<?xml version="1.0" encoding="UTF-8"?>
<testsuite xmlns:xsi="http://www.w3.org/2001/XMLSchema-instance" xsi:noNamespaceSchemaLocation="https://maven.apache.org/surefire/maven-surefire-plugin/xsd/surefire-test-report-3.0.xsd" version="3.0" name="PartB.RunCucumberTest" time="3.568" tests="1" errors="0" skipped="0" failures="0">
  <properties>
[...]
</properties>
  <testcase name="Create a project with valid data" classname="Create Project" time="3.162">
    <system-out><![CDATA[
Scenario Outline: Create a project with valid data                                          &amp#27;[90m# features/US01_CreateProject.feature:7&amp#27;[0m
  &amp#27;[32mGiven &amp#27;[0m&amp#27;[32mthe todo manager service is running&amp#27;[0m                                                 &amp#27;[90m# PartB.stepdefinitions.StepDefinitions.check_service_running()&amp#27;[0m
Captued ID: 7
  &amp#27;[32mWhen &amp#27;[0m&amp#27;[32mI create a project with title &amp#27;[0m&amp#27;[32m&amp#27;[1m"User Story 1"&amp#27;[0m&amp#27;[32m and description &amp#27;[0m&amp#27;[32m&amp#27;[1m"Test project for US01"&amp#27;[0m &amp#27;[90m# PartB.stepdefinitions.StepDefinitions.create_project(java.lang.String,java.lang.String)&amp#27;[0m
  &amp#27;[32mThen &amp#27;[0m&amp#27;[32mthe status code should be &amp#27;[0m&amp#27;[32m&amp#27;[1m201&amp#27;[0m                                                        &amp#27;[90m# PartB.stepdefinitions.StepDefinitions.verify_status_code(int)&amp#27;[0m
HTTP/1.1 200 OK
Date: Fri, 13 Mar 2026 18:50:49 GMT
Content-Type: application/json
Transfer-Encoding: chunked
Server: Jetty(9.4.z-SNAPSHOT)

{
    "projects": [
        {
            "id": "7",
            "title": "User Story 1",
            "completed": "false",
            "active": "false",
            "description": "Test project for US01"
        }
    ]
}
  &amp#27;[32mAnd &amp#27;[0m&amp#27;[32mthe project title should be &amp#27;[0m&amp#27;[32m&amp#27;[1m"User Story 1"&amp#27;[0m                                            &amp#27;[90m# PartB.stepdefinitions.StepDefinitions.verify_title(java.lang.String)&amp#27;[0m
]]></system-out>
  </testcase>
</testsuite>