<?xml version="1.0" encoding="UTF-8"?>
<testsuite xmlns:xsi="http://www.w3.org/2001/XMLSchema-instance" xsi:noNamespaceSchemaLocation="https://maven.apache.org/surefire/maven-surefire-plugin/xsd/surefire-test-report-3.0.xsd" version="3.0" name="PartB.RunCucumberTest" time="5.711" tests="17" errors="0" skipped="0" failures="0">
  <properties>
[...]
</properties>
  <testcase name="Create a project with valid data" classname="Create Project" time="3.19">
    <system-out><![CDATA[
Scenario: Create a project with valid data                                                  &amp#27;[90m# features/US01_CreateProject.feature:10&amp#27;[0m
  &amp#27;[32mGiven &amp#27;[0m&amp#27;[32mthe todo manager service is running&amp#27;[0m                                                 &amp#27;[90m# PartB.stepdefinitions.StepDefinitions.check_service_running()&amp#27;[0m
Captued ID: 156
  &amp#27;[32mWhen &amp#27;[0m&amp#27;[32mI create a project with title &amp#27;[0m&amp#27;[32m&amp#27;[1m"User Story 1"&amp#27;[0m&amp#27;[32m and description &amp#27;[0m&amp#27;[32m&amp#27;[1m"Test project for US01"&amp#27;[0m &amp#27;[90m# PartB.stepdefinitions.StepDefinitions.create_project(java.lang.String,java.lang.String)&amp#27;[0m
  &amp#27;[32mThen &amp#27;[0m&amp#27;[32mthe status code should be &amp#27;[0m&amp#27;[32m&amp#27;[1m201&amp#27;[0m                                                        &amp#27;[90m# PartB.stepdefinitions.StepDefinitions.verify_status_code(int)&amp#27;[0m
HTTP/1.1 200 OK
Date: Mon, 16 Mar 2026 03:19:58 GMT
Content-Type: application/json
Transfer-Encoding: chunked
Server: Jetty(9.4.z-SNAPSHOT)

{
    "projects": [
        {
            "id": "156",
            "title": "User Story 1",
            "completed": "false",
            "active": "false",
            "description": "Test project for US01"
        }
    ]
}
  &amp#27;[32mAnd &amp#27;[0m&amp#27;[32mthe project title should be &amp#27;[0m&amp#27;[32m&amp#27;[1m"User Story 1"&amp#27;[0m                                            &amp#27;[90m# PartB.stepdefinitions.StepDefinitions.verify_title(java.lang.String)&amp#27;[0m
]]></system-out>
  </testcase>
  <testcase name="Create a project with only title" classname="Create Project" time="0.15">
    <system-out><![CDATA[
Scenario: Create a project with only title                                   &amp#27;[90m# features/US01_CreateProject.feature:17&amp#27;[0m
  &amp#27;[32mGiven &amp#27;[0m&amp#27;[32mthe todo manager service is running&amp#27;[0m                                  &amp#27;[90m# PartB.stepdefinitions.StepDefinitions.check_service_running()&amp#27;[0m
Captued ID: 157
  &amp#27;[32mWhen &amp#27;[0m&amp#27;[32mI create a project with title &amp#27;[0m&amp#27;[32m&amp#27;[1m"Only title project"&amp#27;[0m&amp#27;[32m and description &amp#27;[0m&amp#27;[32m&amp#27;[1m""&amp#27;[0m &amp#27;[90m# PartB.stepdefinitions.StepDefinitions.create_project(java.lang.String,java.lang.String)&amp#27;[0m
  &amp#27;[32mThen &amp#27;[0m&amp#27;[32mthe status code should be &amp#27;[0m&amp#27;[32m&amp#27;[1m201&amp#27;[0m                                         &amp#27;[90m# PartB.stepdefinitions.StepDefinitions.verify_status_code(int)&amp#27;[0m
HTTP/1.1 200 OK
Date: Mon, 16 Mar 2026 03:19:58 GMT
Content-Type: application/json
Transfer-Encoding: chunked
Server: Jetty(9.4.z-SNAPSHOT)

{
    "projects": [
        {
            "id": "157",
            "title": "Only title project",
            "completed": "false",
            "active": "false",
            "description": ""
        }
    ]
}
  &amp#27;[32mAnd &amp#27;[0m&amp#27;[32mthe project title should be &amp#27;[0m&amp#27;[32m&amp#27;[1m"Only title project"&amp#27;[0m                       &amp#27;[90m# PartB.stepdefinitions.StepDefinitions.verify_title(java.lang.String)&amp#27;[0m
]]></system-out>
  </testcase>
  <testcase name="Create a project with only description" classname="Create Project" time="0.115">
    <system-out><![CDATA[
Scenario: Create a project with only description                                 &amp#27;[90m# features/US01_CreateProject.feature:24&amp#27;[0m
  &amp#27;[32mGiven &amp#27;[0m&amp#27;[32mthe todo manager service is running&amp#27;[0m                                      &amp#27;[90m# PartB.stepdefinitions.StepDefinitions.check_service_running()&amp#27;[0m
Captued ID: 158
  &amp#27;[32mWhen &amp#27;[0m&amp#27;[32mI create a project with title &amp#27;[0m&amp#27;[32m&amp#27;[1m""&amp#27;[0m&amp#27;[32m and description &amp#27;[0m&amp#27;[32m&amp#27;[1m"Only description here!"&amp#27;[0m &amp#27;[90m# PartB.stepdefinitions.StepDefinitions.create_project(java.lang.String,java.lang.String)&amp#27;[0m
  &amp#27;[32mThen &amp#27;[0m&amp#27;[32mthe status code should be &amp#27;[0m&amp#27;[32m&amp#27;[1m201&amp#27;[0m                                             &amp#27;[90m# PartB.stepdefinitions.StepDefinitions.verify_status_code(int)&amp#27;[0m
  &amp#27;[32mAnd &amp#27;[0m&amp#27;[32mthe project description should be &amp#27;[0m&amp#27;[32m&amp#27;[1m"Only description here!"&amp#27;[0m                 &amp#27;[90m# PartB.stepdefinitions.StepDefinitions.verify_description(java.lang.String)&amp#27;[0m
]]></system-out>
  </testcase>
  <testcase name="Create a project with an invalid input" classname="Create Project" time="0.117">
    <system-out><![CDATA[
Scenario: Create a project with an invalid input                                         &amp#27;[90m# features/US01_CreateProject.feature:31&amp#27;[0m
  &amp#27;[32mGiven &amp#27;[0m&amp#27;[32mthe todo manager service is running&amp#27;[0m                                              &amp#27;[90m# PartB.stepdefinitions.StepDefinitions.check_service_running()&amp#27;[0m
Captued ID: 159
  &amp#27;[32mWhen &amp#27;[0m&amp#27;[32mI create a project with title &amp#27;[0m&amp#27;[32m&amp#27;[1m"Invalid completed"&amp#27;[0m&amp#27;[32m and description &amp#27;[0m&amp#27;[32m&amp#27;[1m"Testing Error"&amp#27;[0m &amp#27;[90m# PartB.stepdefinitions.StepDefinitions.create_project(java.lang.String,java.lang.String)&amp#27;[0m
  &amp#27;[32mAnd &amp#27;[0m&amp#27;[32mI set the completed status of project to &amp#27;[0m&amp#27;[32m&amp#27;[1m"not a boolean"&amp#27;[0m                           &amp#27;[90m# PartB.stepdefinitions.StepDefinitions.set_completed_input(java.lang.String)&amp#27;[0m
  &amp#27;[32mThen &amp#27;[0m&amp#27;[32mthe status code should be &amp#27;[0m&amp#27;[32m&amp#27;[1m400&amp#27;[0m                                                     &amp#27;[90m# PartB.stepdefinitions.StepDefinitions.verify_status_code(int)&amp#27;[0m
  &amp#27;[32mAnd &amp#27;[0m&amp#27;[32mthe error message should contain &amp#27;[0m&amp#27;[32m&amp#27;[1m"Failed Validation: completed should be BOOLEAN"&amp#27;[0m  &amp#27;[90m# PartB.stepdefinitions.StepDefinitions.verify_error_message(java.lang.String)&amp#27;[0m
]]></system-out>
  </testcase>
  <testcase name="Add a valid task to the project" classname="Add tasks to project" time="0.179">
    <system-out><![CDATA[
Scenario: Add a valid task to the project                                   &amp#27;[90m# features/US02_AddTasks.feature:11&amp#27;[0m
  &amp#27;[32mGiven &amp#27;[0m&amp#27;[32mthe todo manager service is running&amp#27;[0m                                 &amp#27;[90m# PartB.stepdefinitions.StepDefinitions.check_service_running()&amp#27;[0m
Captued ID: 160
  &amp#27;[32mAnd &amp#27;[0m&amp#27;[32mI create a project with title &amp#27;[0m&amp#27;[32m&amp#27;[1m"US2 Project"&amp#27;[0m                           &amp#27;[90m# PartB.stepdefinitions.StepDefinitions.create_project_and(java.lang.String)&amp#27;[0m
DEBUG US2: ProjectID=160 TaskID=64
  &amp#27;[32mWhen &amp#27;[0m&amp#27;[32mI add a task with title &amp#27;[0m&amp#27;[32m&amp#27;[1m"TestTask"&amp#27;[0m&amp#27;[32m and description &amp#27;[0m&amp#27;[32m&amp#27;[1m""&amp#27;[0m&amp#27;[32m to the project&amp#27;[0m &amp#27;[90m# PartB.stepdefinitions.StepDefinitions.add_task_to_project(java.lang.String,java.lang.String)&amp#27;[0m
  &amp#27;[32mThen &amp#27;[0m&amp#27;[32mthe status code should be &amp#27;[0m&amp#27;[32m&amp#27;[1m201&amp#27;[0m                                        &amp#27;[90m# PartB.stepdefinitions.StepDefinitions.verify_status_code(int)&amp#27;[0m
  &amp#27;[32mThen &amp#27;[0m&amp#27;[32mthe task should appear under the project&amp#27;[0m                             &amp#27;[90m# PartB.stepdefinitions.StepDefinitions.verify_task_added()&amp#27;[0m
]]></system-out>
  </testcase>
  <testcase name="Add a task with title and description" classname="Add tasks to project" time="0.167">
    <system-out><![CDATA[
Scenario: Add a task with title and description                                                   &amp#27;[90m# features/US02_AddTasks.feature:17&amp#27;[0m
  &amp#27;[32mGiven &amp#27;[0m&amp#27;[32mthe todo manager service is running&amp#27;[0m                                                       &amp#27;[90m# PartB.stepdefinitions.StepDefinitions.check_service_running()&amp#27;[0m
Captued ID: 161
  &amp#27;[32mAnd &amp#27;[0m&amp#27;[32mI create a project with title &amp#27;[0m&amp#27;[32m&amp#27;[1m"US2 Project"&amp#27;[0m                                                 &amp#27;[90m# PartB.stepdefinitions.StepDefinitions.create_project_and(java.lang.String)&amp#27;[0m
DEBUG US2: ProjectID=161 TaskID=65
  &amp#27;[32mWhen &amp#27;[0m&amp#27;[32mI add a task with title &amp#27;[0m&amp#27;[32m&amp#27;[1m"TestTask2"&amp#27;[0m&amp#27;[32m and description &amp#27;[0m&amp#27;[32m&amp#27;[1m"Task 2 adding testing"&amp#27;[0m&amp#27;[32m to the project&amp#27;[0m &amp#27;[90m# PartB.stepdefinitions.StepDefinitions.add_task_to_project(java.lang.String,java.lang.String)&amp#27;[0m
  &amp#27;[32mThen &amp#27;[0m&amp#27;[32mthe status code should be &amp#27;[0m&amp#27;[32m&amp#27;[1m201&amp#27;[0m                                                              &amp#27;[90m# PartB.stepdefinitions.StepDefinitions.verify_status_code(int)&amp#27;[0m
  &amp#27;[32mThen &amp#27;[0m&amp#27;[32mthe task should appear under the project&amp#27;[0m                                                   &amp#27;[90m# PartB.stepdefinitions.StepDefinitions.verify_task_added()&amp#27;[0m
]]></system-out>
  </testcase>
  <testcase name="Add a task with to a non existent project" classname="Add tasks to project" time="0.189">
    <system-out><![CDATA[
Scenario: Add a task with to a non existent project                                                      &amp#27;[90m# features/US02_AddTasks.feature:23&amp#27;[0m
  &amp#27;[32mGiven &amp#27;[0m&amp#27;[32mthe todo manager service is running&amp#27;[0m                                                              &amp#27;[90m# PartB.stepdefinitions.StepDefinitions.check_service_running()&amp#27;[0m
Captued ID: 162
  &amp#27;[32mAnd &amp#27;[0m&amp#27;[32mI create a project with title &amp#27;[0m&amp#27;[32m&amp#27;[1m"US2 Project"&amp#27;[0m                                                        &amp#27;[90m# PartB.stepdefinitions.StepDefinitions.create_project_and(java.lang.String)&amp#27;[0m
  &amp#27;[32mWhen &amp#27;[0m&amp#27;[32mI try to add a task &amp#27;[0m&amp#27;[32m&amp#27;[1m"FailedTest"&amp#27;[0m&amp#27;[32m to the project &amp#27;[0m&amp#27;[32m&amp#27;[1m"999"&amp#27;[0m                                             &amp#27;[90m# PartB.stepdefinitions.StepDefinitions.add_task_project_id(java.lang.String,java.lang.String)&amp#27;[0m
  &amp#27;[32mThen &amp#27;[0m&amp#27;[32mthe status code should be &amp#27;[0m&amp#27;[32m&amp#27;[1m404&amp#27;[0m                                                                     &amp#27;[90m# PartB.stepdefinitions.StepDefinitions.verify_status_code(int)&amp#27;[0m
  &amp#27;[32mAnd &amp#27;[0m&amp#27;[32mthe error message should contain &amp#27;[0m&amp#27;[32m&amp#27;[1m"Could not find parent thing for relationship projects/999/tasks"&amp#27;[0m &amp#27;[90m# PartB.stepdefinitions.StepDefinitions.verify_error_message(java.lang.String)&amp#27;[0m
]]></system-out>
  </testcase>
  <testcase name="Delete done task from project" classname="Delete Task" time="0.184">
    <system-out><![CDATA[
Scenario: Delete done task from project                                     &amp#27;[90m# features/US03_DeleteTasks.feature:12&amp#27;[0m
  &amp#27;[32mGiven &amp#27;[0m&amp#27;[32mthe todo manager service is running&amp#27;[0m                                 &amp#27;[90m# PartB.stepdefinitions.StepDefinitions.check_service_running()&amp#27;[0m
Captued ID: 163
  &amp#27;[32mAnd &amp#27;[0m&amp#27;[32mI create a project with title &amp#27;[0m&amp#27;[32m&amp#27;[1m"US3 Project"&amp#27;[0m                           &amp#27;[90m# PartB.stepdefinitions.StepDefinitions.create_project_and(java.lang.String)&amp#27;[0m
DEBUG US2: ProjectID=163 TaskID=66
  &amp#27;[32mWhen &amp#27;[0m&amp#27;[32mI add a task with title &amp#27;[0m&amp#27;[32m&amp#27;[1m"US3 Task"&amp#27;[0m&amp#27;[32m and description &amp#27;[0m&amp#27;[32m&amp#27;[1m""&amp#27;[0m&amp#27;[32m to the project&amp#27;[0m &amp#27;[90m# PartB.stepdefinitions.StepDefinitions.add_task_to_project(java.lang.String,java.lang.String)&amp#27;[0m
  &amp#27;[32mAnd &amp#27;[0m&amp#27;[32mthe task is marked as completed&amp#27;[0m                                       &amp#27;[90m# PartB.stepdefinitions.StepDefinitions.check_task_completed()&amp#27;[0m
Delete Status: 200
  &amp#27;[32mWhen &amp#27;[0m&amp#27;[32mI delete the task from the project&amp#27;[0m                                   &amp#27;[90m# PartB.stepdefinitions.StepDefinitions.delete_task_from_project()&amp#27;[0m
  &amp#27;[32mThen &amp#27;[0m&amp#27;[32mthe status code should be &amp#27;[0m&amp#27;[32m&amp#27;[1m200&amp#27;[0m                                        &amp#27;[90m# PartB.stepdefinitions.StepDefinitions.verify_status_code(int)&amp#27;[0m
  &amp#27;[32mThen &amp#27;[0m&amp#27;[32mthe task should not appear under the project&amp#27;[0m                         &amp#27;[90m# PartB.stepdefinitions.StepDefinitions.verify_task_gone()&amp#27;[0m
]]></system-out>
  </testcase>
  <testcase name="Delete task from project and globally" classname="Delete Task" time="0.171">
    <system-out><![CDATA[
Scenario: Delete task from project and globally                             &amp#27;[90m# features/US03_DeleteTasks.feature:20&amp#27;[0m
  &amp#27;[32mGiven &amp#27;[0m&amp#27;[32mthe todo manager service is running&amp#27;[0m                                 &amp#27;[90m# PartB.stepdefinitions.StepDefinitions.check_service_running()&amp#27;[0m
Captued ID: 164
  &amp#27;[32mAnd &amp#27;[0m&amp#27;[32mI create a project with title &amp#27;[0m&amp#27;[32m&amp#27;[1m"US3 Project"&amp#27;[0m                           &amp#27;[90m# PartB.stepdefinitions.StepDefinitions.create_project_and(java.lang.String)&amp#27;[0m
DEBUG US2: ProjectID=164 TaskID=67
  &amp#27;[32mWhen &amp#27;[0m&amp#27;[32mI add a task with title &amp#27;[0m&amp#27;[32m&amp#27;[1m"US3 Task"&amp#27;[0m&amp#27;[32m and description &amp#27;[0m&amp#27;[32m&amp#27;[1m""&amp#27;[0m&amp#27;[32m to the project&amp#27;[0m &amp#27;[90m# PartB.stepdefinitions.StepDefinitions.add_task_to_project(java.lang.String,java.lang.String)&amp#27;[0m
  &amp#27;[32mAnd &amp#27;[0m&amp#27;[32mthe task is marked as completed&amp#27;[0m                                       &amp#27;[90m# PartB.stepdefinitions.StepDefinitions.check_task_completed()&amp#27;[0m
Delete Status: 200
  &amp#27;[32mWhen &amp#27;[0m&amp#27;[32mI delete the task from the project&amp#27;[0m                                   &amp#27;[90m# PartB.stepdefinitions.StepDefinitions.delete_task_from_project()&amp#27;[0m
  &amp#27;[32mThen &amp#27;[0m&amp#27;[32mthe status code should be &amp#27;[0m&amp#27;[32m&amp#27;[1m200&amp#27;[0m                                        &amp#27;[90m# PartB.stepdefinitions.StepDefinitions.verify_status_code(int)&amp#27;[0m
  &amp#27;[32mThen &amp#27;[0m&amp#27;[32mthe task should not appear under the project&amp#27;[0m                         &amp#27;[90m# PartB.stepdefinitions.StepDefinitions.verify_task_gone()&amp#27;[0m
  &amp#27;[32mAnd &amp#27;[0m&amp#27;[32mI delete the task&amp#27;[0m                                                     &amp#27;[90m# PartB.stepdefinitions.StepDefinitions.delete_task()&amp#27;[0m
  &amp#27;[32mThen &amp#27;[0m&amp#27;[32mthe status code should be &amp#27;[0m&amp#27;[32m&amp#27;[1m200&amp#27;[0m                                        &amp#27;[90m# PartB.stepdefinitions.StepDefinitions.verify_status_code(int)&amp#27;[0m
]]></system-out>
  </testcase>
  <testcase name="Double delete task from project" classname="Delete Task" time="0.166">
    <system-out><![CDATA[
Scenario: Double delete task from project                                   &amp#27;[90m# features/US03_DeleteTasks.feature:30&amp#27;[0m
  &amp#27;[32mGiven &amp#27;[0m&amp#27;[32mthe todo manager service is running&amp#27;[0m                                 &amp#27;[90m# PartB.stepdefinitions.StepDefinitions.check_service_running()&amp#27;[0m
Captued ID: 165
  &amp#27;[32mAnd &amp#27;[0m&amp#27;[32mI create a project with title &amp#27;[0m&amp#27;[32m&amp#27;[1m"US3 Project"&amp#27;[0m                           &amp#27;[90m# PartB.stepdefinitions.StepDefinitions.create_project_and(java.lang.String)&amp#27;[0m
DEBUG US2: ProjectID=165 TaskID=68
  &amp#27;[32mWhen &amp#27;[0m&amp#27;[32mI add a task with title &amp#27;[0m&amp#27;[32m&amp#27;[1m"US3 Task"&amp#27;[0m&amp#27;[32m and description &amp#27;[0m&amp#27;[32m&amp#27;[1m""&amp#27;[0m&amp#27;[32m to the project&amp#27;[0m &amp#27;[90m# PartB.stepdefinitions.StepDefinitions.add_task_to_project(java.lang.String,java.lang.String)&amp#27;[0m
  &amp#27;[32mAnd &amp#27;[0m&amp#27;[32mthe task is marked as completed&amp#27;[0m                                       &amp#27;[90m# PartB.stepdefinitions.StepDefinitions.check_task_completed()&amp#27;[0m
Delete Status: 200
  &amp#27;[32mWhen &amp#27;[0m&amp#27;[32mI delete the task from the project&amp#27;[0m                                   &amp#27;[90m# PartB.stepdefinitions.StepDefinitions.delete_task_from_project()&amp#27;[0m
  &amp#27;[32mThen &amp#27;[0m&amp#27;[32mthe status code should be &amp#27;[0m&amp#27;[32m&amp#27;[1m200&amp#27;[0m                                        &amp#27;[90m# PartB.stepdefinitions.StepDefinitions.verify_status_code(int)&amp#27;[0m
  &amp#27;[32mThen &amp#27;[0m&amp#27;[32mthe task should not appear under the project&amp#27;[0m                         &amp#27;[90m# PartB.stepdefinitions.StepDefinitions.verify_task_gone()&amp#27;[0m
Delete Status: 404
  &amp#27;[32mWhen &amp#27;[0m&amp#27;[32mI delete the task from the project&amp#27;[0m                                   &amp#27;[90m# PartB.stepdefinitions.StepDefinitions.delete_task_from_project()&amp#27;[0m
  &amp#27;[32mThen &amp#27;[0m&amp#27;[32mthe status code should be &amp#27;[0m&amp#27;[32m&amp#27;[1m404&amp#27;[0m                                        &amp#27;[90m# PartB.stepdefinitions.StepDefinitions.verify_status_code(int)&amp#27;[0m
]]></system-out>
  </testcase>
  <testcase name="Change project description" classname="Update project" time="0.093">
    <system-out><![CDATA[
Scenario: Change project description                                                      &amp#27;[90m# features/US04_UpdateProject.feature:11&amp#27;[0m
  &amp#27;[32mGiven &amp#27;[0m&amp#27;[32mthe todo manager service is running&amp#27;[0m                                               &amp#27;[90m# PartB.stepdefinitions.StepDefinitions.check_service_running()&amp#27;[0m
Captued ID: 166
  &amp#27;[32mWhen &amp#27;[0m&amp#27;[32mI create a project with title &amp#27;[0m&amp#27;[32m&amp#27;[1m"US4 Project"&amp#27;[0m&amp#27;[32m and description &amp#27;[0m&amp#27;[32m&amp#27;[1m"Original description"&amp#27;[0m &amp#27;[90m# PartB.stepdefinitions.StepDefinitions.create_project(java.lang.String,java.lang.String)&amp#27;[0m
  &amp#27;[32mWhen &amp#27;[0m&amp#27;[32mI update the project description to &amp#27;[0m&amp#27;[32m&amp#27;[1m"New description"&amp#27;[0m                              &amp#27;[90m# PartB.stepdefinitions.StepDefinitions.update_description(java.lang.String)&amp#27;[0m
  &amp#27;[32mThen &amp#27;[0m&amp#27;[32mthe status code should be &amp#27;[0m&amp#27;[32m&amp#27;[1m200&amp#27;[0m                                                      &amp#27;[90m# PartB.stepdefinitions.StepDefinitions.verify_status_code(int)&amp#27;[0m
  &amp#27;[32mThen &amp#27;[0m&amp#27;[32mthe project description should be &amp#27;[0m&amp#27;[32m&amp#27;[1m"New description"&amp#27;[0m                                &amp#27;[90m# PartB.stepdefinitions.StepDefinitions.verify_description(java.lang.String)&amp#27;[0m
]]></system-out>
  </testcase>
  <testcase name="Change the description to none" classname="Update project" time="0.107">
    <system-out><![CDATA[
Scenario: Change the description to none                                                  &amp#27;[90m# features/US04_UpdateProject.feature:17&amp#27;[0m
  &amp#27;[32mGiven &amp#27;[0m&amp#27;[32mthe todo manager service is running&amp#27;[0m                                               &amp#27;[90m# PartB.stepdefinitions.StepDefinitions.check_service_running()&amp#27;[0m
Captued ID: 167
  &amp#27;[32mWhen &amp#27;[0m&amp#27;[32mI create a project with title &amp#27;[0m&amp#27;[32m&amp#27;[1m"US4 Project"&amp#27;[0m&amp#27;[32m and description &amp#27;[0m&amp#27;[32m&amp#27;[1m"Original description"&amp#27;[0m &amp#27;[90m# PartB.stepdefinitions.StepDefinitions.create_project(java.lang.String,java.lang.String)&amp#27;[0m
  &amp#27;[32mWhen &amp#27;[0m&amp#27;[32mI update the project description to &amp#27;[0m&amp#27;[32m&amp#27;[1m""&amp#27;[0m                                             &amp#27;[90m# PartB.stepdefinitions.StepDefinitions.update_description(java.lang.String)&amp#27;[0m
  &amp#27;[32mThen &amp#27;[0m&amp#27;[32mthe status code should be &amp#27;[0m&amp#27;[32m&amp#27;[1m200&amp#27;[0m                                                      &amp#27;[90m# PartB.stepdefinitions.StepDefinitions.verify_status_code(int)&amp#27;[0m
  &amp#27;[32mThen &amp#27;[0m&amp#27;[32mthe project description should be &amp#27;[0m&amp#27;[32m&amp#27;[1m""&amp#27;[0m                                               &amp#27;[90m# PartB.stepdefinitions.StepDefinitions.verify_description(java.lang.String)&amp#27;[0m
]]></system-out>
  </testcase>
  <testcase name="Change description of a non existent project" classname="Update project" time="0.101">
    <system-out><![CDATA[
Scenario: Change description of a non existent project                                    &amp#27;[90m# features/US04_UpdateProject.feature:23&amp#27;[0m
  &amp#27;[32mGiven &amp#27;[0m&amp#27;[32mthe todo manager service is running&amp#27;[0m                                               &amp#27;[90m# PartB.stepdefinitions.StepDefinitions.check_service_running()&amp#27;[0m
Captued ID: 168
  &amp#27;[32mWhen &amp#27;[0m&amp#27;[32mI create a project with title &amp#27;[0m&amp#27;[32m&amp#27;[1m"US4 Project"&amp#27;[0m&amp#27;[32m and description &amp#27;[0m&amp#27;[32m&amp#27;[1m"Original description"&amp#27;[0m &amp#27;[90m# PartB.stepdefinitions.StepDefinitions.create_project(java.lang.String,java.lang.String)&amp#27;[0m
  &amp#27;[32mWhen &amp#27;[0m&amp#27;[32mI update the project &amp#27;[0m&amp#27;[32m&amp#27;[1m"999"&amp#27;[0m&amp#27;[32m description to &amp#27;[0m&amp#27;[32m&amp#27;[1m"Error New description"&amp#27;[0m                  &amp#27;[90m# PartB.stepdefinitions.StepDefinitions.update_description_id(java.lang.String,java.lang.String)&amp#27;[0m
  &amp#27;[32mThen &amp#27;[0m&amp#27;[32mthe status code should be &amp#27;[0m&amp#27;[32m&amp#27;[1m404&amp#27;[0m                                                      &amp#27;[90m# PartB.stepdefinitions.StepDefinitions.verify_status_code(int)&amp#27;[0m
  &amp#27;[32mAnd &amp#27;[0m&amp#27;[32mthe error message should contain &amp#27;[0m&amp#27;[32m&amp#27;[1m"Invalid GUID for 999 entity project"&amp#27;[0m              &amp#27;[90m# PartB.stepdefinitions.StepDefinitions.verify_error_message(java.lang.String)&amp#27;[0m
]]></system-out>
  </testcase>
  <testcase name="Delete project that is completed" classname="Delete project" time="0.083">
    <system-out><![CDATA[
Scenario: Delete project that is completed                                                &amp#27;[90m# features/US05_DeleteProject.feature:10&amp#27;[0m
  &amp#27;[32mGiven &amp#27;[0m&amp#27;[32mthe todo manager service is running&amp#27;[0m                                               &amp#27;[90m# PartB.stepdefinitions.StepDefinitions.check_service_running()&amp#27;[0m
Captued ID: 169
  &amp#27;[32mWhen &amp#27;[0m&amp#27;[32mI create a project with title &amp#27;[0m&amp#27;[32m&amp#27;[1m"US5 Project"&amp#27;[0m&amp#27;[32m and description &amp#27;[0m&amp#27;[32m&amp#27;[1m"Original description"&amp#27;[0m &amp#27;[90m# PartB.stepdefinitions.StepDefinitions.create_project(java.lang.String,java.lang.String)&amp#27;[0m
  &amp#27;[32mAnd &amp#27;[0m&amp#27;[32mthe project is marked as completed&amp#27;[0m                                                  &amp#27;[90m# PartB.stepdefinitions.StepDefinitions.set_completed()&amp#27;[0m
  &amp#27;[32mWhen &amp#27;[0m&amp#27;[32mI delete the project&amp#27;[0m                                                               &amp#27;[90m# PartB.stepdefinitions.StepDefinitions.delete_project()&amp#27;[0m
  &amp#27;[32mThen &amp#27;[0m&amp#27;[32mthe status code should be &amp#27;[0m&amp#27;[32m&amp#27;[1m200&amp#27;[0m                                                      &amp#27;[90m# PartB.stepdefinitions.StepDefinitions.verify_status_code(int)&amp#27;[0m
  &amp#27;[32mThen &amp#27;[0m&amp#27;[32mthe project should not appear under the projects list&amp#27;[0m                              &amp#27;[90m# PartB.stepdefinitions.StepDefinitions.verify_project_gone()&amp#27;[0m
]]></system-out>
  </testcase>
  <testcase name="Delete project that is not completed" classname="Delete project" time="0.08">
    <system-out><![CDATA[
Scenario: Delete project that is not completed                                     &amp#27;[90m# features/US05_DeleteProject.feature:18&amp#27;[0m
  &amp#27;[32mGiven &amp#27;[0m&amp#27;[32mthe todo manager service is running&amp#27;[0m                                        &amp#27;[90m# PartB.stepdefinitions.StepDefinitions.check_service_running()&amp#27;[0m
Captued ID: 170
  &amp#27;[32mWhen &amp#27;[0m&amp#27;[32mI create a project with title &amp#27;[0m&amp#27;[32m&amp#27;[1m"US5 Project"&amp#27;[0m&amp#27;[32m and description &amp#27;[0m&amp#27;[32m&amp#27;[1m"Not completed"&amp#27;[0m &amp#27;[90m# PartB.stepdefinitions.StepDefinitions.create_project(java.lang.String,java.lang.String)&amp#27;[0m
  &amp#27;[32mWhen &amp#27;[0m&amp#27;[32mI delete the project&amp#27;[0m                                                        &amp#27;[90m# PartB.stepdefinitions.StepDefinitions.delete_project()&amp#27;[0m
  &amp#27;[32mThen &amp#27;[0m&amp#27;[32mthe status code should be &amp#27;[0m&amp#27;[32m&amp#27;[1m200&amp#27;[0m                                               &amp#27;[90m# PartB.stepdefinitions.StepDefinitions.verify_status_code(int)&amp#27;[0m
  &amp#27;[32mThen &amp#27;[0m&amp#27;[32mthe project should not appear under the projects list&amp#27;[0m                       &amp#27;[90m# PartB.stepdefinitions.StepDefinitions.verify_project_gone()&amp#27;[0m
]]></system-out>
  </testcase>
  <testcase name="Double delete project that is completed" classname="Delete project" time="0.116">
    <system-out><![CDATA[
Scenario: Double delete project that is completed                                           &amp#27;[90m# features/US05_DeleteProject.feature:26&amp#27;[0m
  &amp#27;[32mGiven &amp#27;[0m&amp#27;[32mthe todo manager service is running&amp#27;[0m                                                 &amp#27;[90m# PartB.stepdefinitions.StepDefinitions.check_service_running()&amp#27;[0m
Captued ID: 171
  &amp#27;[32mWhen &amp#27;[0m&amp#27;[32mI create a project with title &amp#27;[0m&amp#27;[32m&amp#27;[1m"Error Project"&amp#27;[0m&amp#27;[32m and description &amp#27;[0m&amp#27;[32m&amp#27;[1m"Original description"&amp#27;[0m &amp#27;[90m# PartB.stepdefinitions.StepDefinitions.create_project(java.lang.String,java.lang.String)&amp#27;[0m
  &amp#27;[32mAnd &amp#27;[0m&amp#27;[32mthe project is marked as completed&amp#27;[0m                                                    &amp#27;[90m# PartB.stepdefinitions.StepDefinitions.set_completed()&amp#27;[0m
  &amp#27;[32mWhen &amp#27;[0m&amp#27;[32mI delete the project&amp#27;[0m                                                                 &amp#27;[90m# PartB.stepdefinitions.StepDefinitions.delete_project()&amp#27;[0m
  &amp#27;[32mThen &amp#27;[0m&amp#27;[32mthe status code should be &amp#27;[0m&amp#27;[32m&amp#27;[1m200&amp#27;[0m                                                        &amp#27;[90m# PartB.stepdefinitions.StepDefinitions.verify_status_code(int)&amp#27;[0m
  &amp#27;[32mThen &amp#27;[0m&amp#27;[32mthe project should not appear under the projects list&amp#27;[0m                                &amp#27;[90m# PartB.stepdefinitions.StepDefinitions.verify_project_gone()&amp#27;[0m
  &amp#27;[32mWhen &amp#27;[0m&amp#27;[32mI delete the project&amp#27;[0m                                                                 &amp#27;[90m# PartB.stepdefinitions.StepDefinitions.delete_project()&amp#27;[0m
  &amp#27;[32mThen &amp#27;[0m&amp#27;[32mthe status code should be &amp#27;[0m&amp#27;[32m&amp#27;[1m404&amp#27;[0m                                                        &amp#27;[90m# PartB.stepdefinitions.StepDefinitions.verify_status_code(int)&amp#27;[0m
]]></system-out>
  </testcase>
  <testcase name="Delete non existent project" classname="Delete project" time="0.066">
    <system-out><![CDATA[
Scenario: Delete non existent project                                                   &amp#27;[90m# features/US05_DeleteProject.feature:36&amp#27;[0m
  &amp#27;[32mGiven &amp#27;[0m&amp#27;[32mthe todo manager service is running&amp#27;[0m                                             &amp#27;[90m# PartB.stepdefinitions.StepDefinitions.check_service_running()&amp#27;[0m
  &amp#27;[32mWhen &amp#27;[0m&amp#27;[32mI delete the project with id &amp#27;[0m&amp#27;[32m&amp#27;[1m"999"&amp#27;[0m                                               &amp#27;[90m# PartB.stepdefinitions.StepDefinitions.delete_project_id(java.lang.String)&amp#27;[0m
  &amp#27;[32mThen &amp#27;[0m&amp#27;[32mthe status code should be &amp#27;[0m&amp#27;[32m&amp#27;[1m404&amp#27;[0m                                                    &amp#27;[90m# PartB.stepdefinitions.StepDefinitions.verify_status_code(int)&amp#27;[0m
  &amp#27;[32mAnd &amp#27;[0m&amp#27;[32mthe error message should contain &amp#27;[0m&amp#27;[32m&amp#27;[1m"Could not find any instances with projects/999"&amp#27;[0m &amp#27;[90m# PartB.stepdefinitions.StepDefinitions.verify_error_message(java.lang.String)&amp#27;[0m
]]></system-out>
  </testcase>
</testsuite>