<?xml version="1.0" encoding="UTF-8"?>
<testsuite xmlns:xsi="http://www.w3.org/2001/XMLSchema-instance" xsi:noNamespaceSchemaLocation="https://maven.apache.org/surefire/maven-surefire-plugin/xsd/surefire-test-report-3.0.xsd" version="3.0" name="PartC.PerformanceTest" time="285.109" tests="1" errors="0" skipped="0" failures="0">
  <properties>
[...]
</properties>
  <testcase name="runPerformanceExperiments" classname="PartC.PerformanceTest" time="285.082">
    <system-out><![CDATA[Batch 1 START: 14:19:20.779942300
Create time: 42.2964ms
Update time: 35.966699999999996ms
Delete time: 16.8031ms
Batch 1 END: 14:19:24.834601100
Batch 5 START: 14:19:29.843277500
Create time: 15.0605ms
Update time: 8.901399999999999ms
Delete time: 6.322699999999999ms
Batch 5 END: 14:19:30.063534200
Batch 10 START: 14:19:35.068462700
Create time: 14.1173ms
Update time: 6.3309999999999995ms
Delete time: 4.768ms
Batch 10 END: 14:19:35.349258900
Batch 50 START: 14:19:40.359155800
Create time: 12.9559ms
Update time: 5.9262ms
Delete time: 6.789499999999999ms
Batch 50 END: 14:19:41.307066900
Batch 80 START: 14:19:46.319297100
Create time: 12.5762ms
Update time: 5.2947999999999995ms
Delete time: 3.7336ms
Batch 80 END: 14:19:47.665800900
Batch 100 START: 14:19:52.673489600
Create time: 8.6708ms
Update time: 5.1105ms
Delete time: 4.427099999999999ms
Batch 100 END: 14:19:54.049361200
Batch 200 START: 14:19:59.059991600
Create time: 13.935699999999999ms
Update time: 7.4695ms
Delete time: 5.471ms
Batch 200 END: 14:20:02.971688
Batch 300 START: 14:20:07.979103500
Create time: 10.233699999999999ms
Update time: 4.8338ms
Delete time: 3.7093ms
Batch 300 END: 14:20:12.467208100
Batch 400 START: 14:20:17.482000100
Create time: 7.7443ms
Update time: 3.9943ms
Delete time: 3.0492999999999997ms
Batch 400 END: 14:20:22.866076200
Batch 500 START: 14:20:27.877046400
Create time: 7.1654ms
Update time: 3.9107999999999996ms
Delete time: 3.1471ms
Batch 500 END: 14:20:34.450120800
Batch 600 START: 14:20:39.459007500
Create time: 6.6063ms
Update time: 3.537ms
Delete time: 2.9267ms
Batch 600 END: 14:20:46.869525400
Batch 700 START: 14:20:51.874008400
Create time: 6.8182ms
Update time: 3.5379ms
Delete time: 2.7565999999999997ms
Batch 700 END: 14:21:00.041885900
Batch 800 START: 14:21:05.047009500
Create time: 13.2264ms
Update time: 6.4856ms
Delete time: 4.4775ms
Batch 800 END: 14:21:13.101113200
Batch 900 START: 14:21:18.103335500
Create time: 6.4254999999999995ms
Update time: 3.4366999999999996ms
Delete time: 2.9388ms
Batch 900 END: 14:21:26.920812300
Batch 1000 START: 14:21:31.932976700
Create time: 6.6906ms
Update time: 3.4957ms
Delete time: 2.8989ms
Batch 1000 END: 14:21:42.661737700
Batch 2000 START: 14:21:47.675750200
Create time: 5.739199999999999ms
Update time: 3.5675999999999997ms
Delete time: 2.7656ms
Batch 2000 END: 14:22:07.180646800
Batch 3000 START: 14:22:12.186805300
Create time: 5.944ms
Update time: 3.9309ms
Delete time: 3.3255999999999997ms
Batch 3000 END: 14:22:37.620359400
Batch 4000 START: 14:22:42.626004600
Create time: 4.694ms
Update time: 2.3550999999999997ms
Delete time: 2.0038ms
Batch 4000 END: 14:23:12.300497600
Batch 5000 START: 14:23:17.307243
Create time: 5.6632ms
Update time: 3.331ms
Delete time: 2.7253ms
Batch 5000 END: 14:24:00.798282100
]]></system-out>
  </testcase>
</testsuite>